[2018-10-16 00:32:23 +0800] [1470] [INFO] Starting gunicorn 19.9.0
[2018-10-16 00:32:23 +0800] [1470] [INFO] Listening at: http://127.0.0.1:8007 (1470)
[2018-10-16 00:32:23 +0800] [1470] [INFO] Using worker: gevent
[2018-10-16 00:32:23 +0800] [1473] [INFO] Booting worker with pid: 1473
[2018-10-16 00:32:24 +0800] [1474] [INFO] Booting worker with pid: 1474
[2018-10-16 00:32:24 +0800] [1475] [INFO] Booting worker with pid: 1475
[2018-10-16 00:32:24 +0800] [1477] [INFO] Booting worker with pid: 1477
[2018-10-16 00:32:24 +0800] [1478] [INFO] Booting worker with pid: 1478
[2018-10-16 00:32:24 +0800] [1479] [INFO] Booting worker with pid: 1479
[2018-10-16 00:32:24 +0800] [1480] [INFO] Booting worker with pid: 1480
[2018-10-16 00:32:24 +0800] [1481] [INFO] Booting worker with pid: 1481
[2018-10-16 00:32:24 +0800] [1482] [INFO] Booting worker with pid: 1482
[2018-10-16 00:35:12 +0800] [1470] [INFO] Handling signal: int
[2018-10-15 16:35:12 +0000] [1475] [INFO] Worker exiting (pid: 1475)
[2018-10-15 16:35:12 +0000] [1481] [INFO] Worker exiting (pid: 1481)
[2018-10-15 16:35:12 +0000] [1480] [INFO] Worker exiting (pid: 1480)
[2018-10-15 16:35:12 +0000] [1478] [INFO] Worker exiting (pid: 1478)
[2018-10-15 16:35:12 +0000] [1479] [INFO] Worker exiting (pid: 1479)
[2018-10-15 16:35:12 +0000] [1477] [INFO] Worker exiting (pid: 1477)
[2018-10-15 16:35:12 +0000] [1473] [INFO] Worker exiting (pid: 1473)
[2018-10-15 16:35:12 +0000] [1474] [INFO] Worker exiting (pid: 1474)
[2018-10-15 16:35:12 +0000] [1482] [INFO] Worker exiting (pid: 1482)
[2018-10-16 00:35:12 +0800] [1470] [INFO] Shutting down: Master
[2018-10-16 00:35:45 +0800] [1506] [INFO] Starting gunicorn 19.9.0
[2018-10-16 00:35:45 +0800] [1506] [INFO] Listening at: http://127.0.0.1:8007 (1506)
[2018-10-16 00:35:45 +0800] [1506] [INFO] Using worker: gevent
[2018-10-16 00:35:45 +0800] [1509] [INFO] Booting worker with pid: 1509
[2018-10-16 00:35:45 +0800] [1510] [INFO] Booting worker with pid: 1510
[2018-10-16 00:35:46 +0800] [1511] [INFO] Booting worker with pid: 1511
[2018-10-16 00:35:46 +0800] [1512] [INFO] Booting worker with pid: 1512
[2018-10-16 00:35:46 +0800] [1513] [INFO] Booting worker with pid: 1513
[2018-10-16 00:35:46 +0800] [1514] [INFO] Booting worker with pid: 1514
[2018-10-16 00:35:46 +0800] [1515] [INFO] Booting worker with pid: 1515
[2018-10-16 00:35:46 +0800] [1516] [INFO] Booting worker with pid: 1516
[2018-10-16 00:35:46 +0800] [1517] [INFO] Booting worker with pid: 1517
[2018-10-16 00:40:36 +0800] [1506] [INFO] Handling signal: int
[2018-10-15 16:40:36 +0000] [1514] [INFO] Worker exiting (pid: 1514)
[2018-10-15 16:40:36 +0000] [1516] [INFO] Worker exiting (pid: 1516)
[2018-10-15 16:40:36 +0000] [1515] [INFO] Worker exiting (pid: 1515)
[2018-10-15 16:40:36 +0000] [1512] [INFO] Worker exiting (pid: 1512)
[2018-10-15 16:40:36 +0000] [1513] [INFO] Worker exiting (pid: 1513)
[2018-10-15 16:40:36 +0000] [1517] [INFO] Worker exiting (pid: 1517)
[2018-10-15 16:40:36 +0000] [1510] [INFO] Worker exiting (pid: 1510)
[2018-10-15 16:40:36 +0000] [1511] [INFO] Worker exiting (pid: 1511)
[2018-10-15 16:40:36 +0000] [1509] [INFO] Worker exiting (pid: 1509)
[2018-10-16 00:40:36 +0800] [1506] [INFO] Shutting down: Master
[2018-10-16 00:46:16 +0800] [1596] [INFO] Starting gunicorn 19.9.0
[2018-10-16 00:46:16 +0800] [1596] [INFO] Listening at: http://127.0.0.1:8007 (1596)
[2018-10-16 00:46:16 +0800] [1596] [INFO] Using worker: gevent
[2018-10-16 00:46:16 +0800] [1599] [INFO] Booting worker with pid: 1599
[2018-10-16 00:46:16 +0800] [1600] [INFO] Booting worker with pid: 1600
[2018-10-16 00:46:16 +0800] [1601] [INFO] Booting worker with pid: 1601
[2018-10-16 00:46:16 +0800] [1602] [INFO] Booting worker with pid: 1602
[2018-10-16 00:46:16 +0800] [1603] [INFO] Booting worker with pid: 1603
[2018-10-16 00:46:17 +0800] [1604] [INFO] Booting worker with pid: 1604
[2018-10-16 00:46:17 +0800] [1605] [INFO] Booting worker with pid: 1605
[2018-10-16 00:46:17 +0800] [1606] [INFO] Booting worker with pid: 1606
[2018-10-16 00:46:17 +0800] [1607] [INFO] Booting worker with pid: 1607
[2018-10-16 00:49:15 +0800] [1596] [INFO] Handling signal: int
[2018-10-15 16:49:16 +0000] [1605] [INFO] Worker exiting (pid: 1605)
[2018-10-15 16:49:16 +0000] [1606] [INFO] Worker exiting (pid: 1606)
[2018-10-15 16:49:16 +0000] [1604] [INFO] Worker exiting (pid: 1604)
[2018-10-15 16:49:16 +0000] [1603] [INFO] Worker exiting (pid: 1603)
[2018-10-15 16:49:16 +0000] [1602] [INFO] Worker exiting (pid: 1602)
[2018-10-15 16:49:16 +0000] [1601] [INFO] Worker exiting (pid: 1601)
[2018-10-15 16:49:16 +0000] [1600] [INFO] Worker exiting (pid: 1600)
[2018-10-15 16:49:16 +0000] [1599] [INFO] Worker exiting (pid: 1599)
[2018-10-15 16:49:16 +0000] [1607] [INFO] Worker exiting (pid: 1607)
[2018-10-16 00:49:16 +0800] [1596] [INFO] Shutting down: Master
[2018-10-16 00:49:25 +0800] [1622] [INFO] Starting gunicorn 19.9.0
[2018-10-16 00:49:25 +0800] [1622] [INFO] Listening at: http://127.0.0.1:8007 (1622)
[2018-10-16 00:49:25 +0800] [1622] [INFO] Using worker: gevent
[2018-10-16 00:49:25 +0800] [1625] [INFO] Booting worker with pid: 1625
[2018-10-16 00:49:25 +0800] [1626] [INFO] Booting worker with pid: 1626
[2018-10-16 00:49:25 +0800] [1627] [INFO] Booting worker with pid: 1627
[2018-10-16 00:49:25 +0800] [1628] [INFO] Booting worker with pid: 1628
[2018-10-16 00:49:25 +0800] [1629] [INFO] Booting worker with pid: 1629
[2018-10-16 00:49:25 +0800] [1630] [INFO] Booting worker with pid: 1630
[2018-10-16 00:49:25 +0800] [1631] [INFO] Booting worker with pid: 1631
[2018-10-16 00:49:26 +0800] [1632] [INFO] Booting worker with pid: 1632
[2018-10-16 00:49:26 +0800] [1633] [INFO] Booting worker with pid: 1633
[2018-10-16 00:53:14 +0800] [1622] [INFO] Handling signal: int
[2018-10-15 16:53:14 +0000] [1631] [INFO] Worker exiting (pid: 1631)
[2018-10-15 16:53:14 +0000] [1630] [INFO] Worker exiting (pid: 1630)
[2018-10-15 16:53:14 +0000] [1632] [INFO] Worker exiting (pid: 1632)
[2018-10-15 16:53:14 +0000] [1629] [INFO] Worker exiting (pid: 1629)
[2018-10-15 16:53:14 +0000] [1627] [INFO] Worker exiting (pid: 1627)
[2018-10-15 16:53:14 +0000] [1628] [INFO] Worker exiting (pid: 1628)
[2018-10-15 16:53:14 +0000] [1625] [INFO] Worker exiting (pid: 1625)
[2018-10-15 16:53:14 +0000] [1633] [INFO] Worker exiting (pid: 1633)
[2018-10-15 16:53:14 +0000] [1626] [INFO] Worker exiting (pid: 1626)
[2018-10-16 00:53:14 +0800] [1622] [INFO] Shutting down: Master
